<?xml version="1.0" encoding="UTF-8"?>
<testsuite name="BlockchainTest" tests="1" skipped="0" failures="0" errors="0" timestamp="2020-07-06T13:53:50" hostname="Computer" time="3.451">
  <properties/>
  <testcase name="start" classname="BlockchainTest" time="3.451"/>
  <system-out><![CDATA[?[1;31m
Start test 1?[0m
Block:
Created by miner #1
Id: 51
Timestamp:1594043630952
Magic number:1131790301
Hash of the previous block: 
0000c28388b47d808af0b22fe6622d64a304fc49fe2a1d8f2c93d8672f6645aa
Hash of the block:
2eca5856f6c1fb7ccbbbf797af5a1bc6cea22dae1b39af93f32878626b6edeb6
Block data: 
Bot 1: a588a4a8-6bc1-4994-b4e7-5893edc49cc9
Block was generating for 0 seconds
N was increased to 1

Block:
Created by miner #4
Id: 52
Timestamp:1594043631149
Magic number:993466122
Hash of the previous block: 
2eca5856f6c1fb7ccbbbf797af5a1bc6cea22dae1b39af93f32878626b6edeb6
Hash of the block:
0aff31091c2fceda6c5d45d3b589f9f38a55299833b6327ae7da6a0708560d47
Block data: 
Bot 4: 6540ec58-c760-4c00-a12b-e4a675b83b3b
Block was generating for 0 seconds
N was increased to 2

Block:
Created by miner #3
Id: 53
Timestamp:1594043631261
Magic number:1830428480
Hash of the previous block: 
0aff31091c2fceda6c5d45d3b589f9f38a55299833b6327ae7da6a0708560d47
Hash of the block:
00c0980b78f15e93f3a9d3cdc0fca5079903690fac3485f2cfb2629b503d4c33
Block data: 
Bot 3: 94aa67b9-bbfd-4398-bb56-8260fe2a3738
Block was generating for 0 seconds
N was increased to 3

Block:
Created by miner #3
Id: 54
Timestamp:1594043631368
Magic number:1637780845
Hash of the previous block: 
00c0980b78f15e93f3a9d3cdc0fca5079903690fac3485f2cfb2629b503d4c33
Hash of the block:
000d9573dff1b952fa41806632d9b0a7251c8bfef62a4f18811aed353b494f98
Block data: 
Bot 3: b7b5fb8e-dfc5-48f3-b777-2bc2ac819870
Block was generating for 0 seconds
N was increased to 4

Block:
Created by miner #2
Id: 55
Timestamp:1594043632396
Magic number:1178246108
Hash of the previous block: 
000d9573dff1b952fa41806632d9b0a7251c8bfef62a4f18811aed353b494f98
Hash of the block:
0000a775274b87bc434ab43e39a3c2f6e46e78dacd33dca175ed0a376baf39e5
Block data: 
Bot 2: a518f330-a524-4b3f-979a-99f22ca23863
Block was generating for 0 seconds
N was increased to 5

?[1;31m
Start test 2?[0m
Block:
Created by miner #1
Id: 56
Timestamp:1594043632878
Magic number:961578954
Hash of the previous block: 
0000a775274b87bc434ab43e39a3c2f6e46e78dacd33dca175ed0a376baf39e5
Hash of the block:
a61bcab0e27b32ba7a22a4cd473b8255b4be3f4d7cb4c04e0f5d21310f800cea
Block data: 
Bot 1: aa49061b-e507-4a98-a735-cb6e87b96917
Block was generating for 0 seconds
N was increased to 1

Block:
Created by miner #4
Id: 57
Timestamp:1594043633224
Magic number:802171897
Hash of the previous block: 
a61bcab0e27b32ba7a22a4cd473b8255b4be3f4d7cb4c04e0f5d21310f800cea
Hash of the block:
055359d29e202b32eb408df04252dd0e8a05962d145d24193e1951b4764d4652
Block data: 
Bot 4: 9ef6e55b-ec83-423d-9bac-fc2ec78b0256
Block was generating for 0 seconds
N was increased to 2

Block:
Created by miner #3
Id: 58
Timestamp:1594043633330
Magic number:1523626064
Hash of the previous block: 
055359d29e202b32eb408df04252dd0e8a05962d145d24193e1951b4764d4652
Hash of the block:
000cdebffb1ad767372ac859777fd53ff3c016afd4cb2894c0c6c2ae8d6a6685
Block data: 
Bot 3: eaf1fea4-ca9a-4d1a-aa01-05ea1fb9d661
Block was generating for 0 seconds
N was increased to 3

Block:
Created by miner #3
Id: 59
Timestamp:1594043633645
Magic number:658940184
Hash of the previous block: 
000cdebffb1ad767372ac859777fd53ff3c016afd4cb2894c0c6c2ae8d6a6685
Hash of the block:
0005384e83a609237b4149b2fd23e6fd4a92473fd85c721c6a84ebce009a24c2
Block data: 
Bot 3: b9999fe2-30db-4445-92a8-c5eb6a883995
Block was generating for 0 seconds
N was increased to 4

Block:
Created by miner #4
Id: 60
Timestamp:1594043633830
Magic number:627014482
Hash of the previous block: 
0005384e83a609237b4149b2fd23e6fd4a92473fd85c721c6a84ebce009a24c2
Hash of the block:
00005b866ad645eae9dd9a192a7173bc3b37f1d4c62dcb3496ba595011ec1631
Block data: 
Bot 4: 482b19fb-6862-4a6b-a812-03a60623dac6
Block was generating for 0 seconds
N was increased to 5

]]></system-out>
  <system-err><![CDATA[]]></system-err>
</testsuite>
